[debug] [2022-01-29T03:26:36.500Z] ----------------------------------------------------------------------
[debug] [2022-01-29T03:26:36.502Z] Command:       /usr/bin/node /usr/bin/firebase init
[debug] [2022-01-29T03:26:36.502Z] CLI Version:   10.1.1
[debug] [2022-01-29T03:26:36.503Z] Platform:      linux
[debug] [2022-01-29T03:26:36.503Z] Node Version:  v14.18.3
[debug] [2022-01-29T03:26:36.503Z] Time:          Sat Jan 29 2022 08:26:36 GMT+0500 (Pakistan Standard Time)
[debug] [2022-01-29T03:26:36.503Z] ----------------------------------------------------------------------
[debug] 
[debug] [2022-01-29T03:26:36.507Z] > command requires scopes: ["email","openid","https://www.googleapis.com/auth/cloudplatformprojects.readonly","https://www.googleapis.com/auth/firebase","https://www.googleapis.com/auth/cloud-platform"]
[debug] [2022-01-29T03:26:36.508Z] > authorizing via signed-in user (zaidahmad9876@gmail.com)
[info] 
     ######## #### ########  ######## ########     ###     ######  ########
     ##        ##  ##     ## ##       ##     ##  ##   ##  ##       ##
     ######    ##  ########  ######   ########  #########  ######  ######
     ##        ##  ##    ##  ##       ##     ## ##     ##       ## ##
     ##       #### ##     ## ######## ########  ##     ##  ######  ########

You're about to initialize a Firebase project in this directory:

  /home/zaid/Documents/GitHub/netflix-clone

[info] 
=== Project Setup
[info] 
[info] First, let's associate this project directory with a Firebase project.
[info] You can create multiple project aliases by running firebase use --add, 
[info] but for now we'll just set up a default project.
[info] 
[debug] [2022-01-29T03:26:49.989Z] > refreshing access token with scopes: []
[debug] [2022-01-29T03:26:49.990Z] >>> HTTP REQUEST POST https://www.googleapis.com/oauth2/v3/token  
 <request body omitted>
[debug] [2022-01-29T03:26:50.507Z] <<< HTTP RESPONSE 200 {"date":"Sat, 29 Jan 2022 03:26:50 GMT","cache-control":"no-cache, no-store, max-age=0, must-revalidate","expires":"Mon, 01 Jan 1990 00:00:00 GMT","pragma":"no-cache","content-type":"application/json; charset=utf-8","vary":"X-Origin, Referer, Origin,Accept-Encoding","server":"scaffolding on HTTPServer2","x-xss-protection":"0","x-frame-options":"SAMEORIGIN","x-content-type-options":"nosniff","alt-svc":"h3=\":443\"; ma=2592000,h3-29=\":443\"; ma=2592000,h3-Q050=\":443\"; ma=2592000,h3-Q046=\":443\"; ma=2592000,h3-Q043=\":443\"; ma=2592000,quic=\":443\"; ma=2592000; v=\"46,43\"","accept-ranges":"none","transfer-encoding":"chunked"}
[debug] [2022-01-29T03:26:50.528Z] >>> [apiv2][query] GET https://firebase.googleapis.com/v1beta1/projects pageSize=100
[debug] [2022-01-29T03:26:51.324Z] <<< [apiv2][status] GET https://firebase.googleapis.com/v1beta1/projects 200
[debug] [2022-01-29T03:26:51.324Z] <<< [apiv2][body] GET https://firebase.googleapis.com/v1beta1/projects [omitted]
[info] i  Using project netflix-clone-532dd (netflix-clone) 
[info] 
=== Hosting Setup
[info] 
[info] Your public directory is the folder (relative to your project directory) that
[info] will contain Hosting assets to be uploaded with firebase deploy. If you
[info] have a build process for your assets, use your build's output directory.
[info] 
[debug] [2022-01-29T03:27:53.937Z] >>> [apiv2][query] GET https://www.gstatic.com/firebasejs/releases.json [none]
[debug] [2022-01-29T03:27:54.235Z] <<< [apiv2][status] GET https://www.gstatic.com/firebasejs/releases.json 200
[debug] [2022-01-29T03:27:54.235Z] <<< [apiv2][body] GET https://www.gstatic.com/firebasejs/releases.json {"current":{"version":"9.6.5","browserURL":"https://www.gstatic.com/firebasejs/9.6.5/firebase.js","packageURL":"https://www.gstatic.com/firebasejs/9.6.5/firebase.tgz"},"live":{"version":"9.6","browserURL":"https://www.gstatic.com/firebasejs/live/9.6/firebase.js","packageURL":"https://www.gstatic.com/firebasejs/live/9.6/firebase.tgz"},"components":{"analytics":"https://www.gstatic.com/firebasejs/9.6.5/firebase-analytics.js","app":"https://www.gstatic.com/firebasejs/9.6.5/firebase-app.js","app-check":"https://www.gstatic.com/firebasejs/9.6.5/firebase-app-check.js","auth":"https://www.gstatic.com/firebasejs/9.6.5/firebase-auth.js","auth/cordova":"https://www.gstatic.com/firebasejs/9.6.5/firebase-auth/cordova.js","auth/react-native":"https://www.gstatic.com/firebasejs/9.6.5/firebase-auth/react-native.js","functions":"https://www.gstatic.com/firebasejs/9.6.5/firebase-functions.js","firestore":"https://www.gstatic.com/firebasejs/9.6.5/firebase-firestore.js","firestore/lite":"https://www.gstatic.com/firebasejs/9.6.5/firebase-firestore/lite.js","storage":"https://www.gstatic.com/firebasejs/9.6.5/firebase-storage.js","performance":"https://www.gstatic.com/firebasejs/9.6.5/firebase-performance.js","remote-config":"https://www.gstatic.com/firebasejs/9.6.5/firebase-remote-config.js","messaging":"https://www.gstatic.com/firebasejs/9.6.5/firebase-messaging.js","messaging/sw":"https://www.gstatic.com/firebasejs/9.6.5/firebase-messaging/sw.js","database":"https://www.gstatic.com/firebasejs/9.6.5/firebase-database.js","firestore.memory":"https://www.gstatic.com/firebasejs/9.6.5/firebase-firestore.memory.js"}}
[info] ✔  Wrote build/index.html 
[info] 
[info] i  Detected a .git folder at /home/zaid/Documents/GitHub/netflix-clone 
[info] i  Authorizing with GitHub to upload your service account to a GitHub repository's secrets store. 
[info] 
[info] Visit this URL on this device to log in:
[info] https://github.com/login/oauth/authorize?client_id=89cf50f02ac6aaed3484&state=112405096&redirect_uri=http%3A%2F%2Flocalhost%3A9005&scope=read%3Auser%20repo%20public_repo
[info] 
[info] Waiting for authentication...
[debug] [2022-01-29T03:27:55.642Z] >>> HTTP REQUEST POST https://github.com/login/oauth/access_token  
 {"client_id":"89cf50f02ac6aaed3484","client_secret":"3330d14abc895d9a74d5f17cd7a00711fa2c5bf0","code":"5d7f776e4873be344c4e","redirect_uri":"http://localhost:9005","state":"112405096"}
[debug] [2022-01-29T03:27:56.241Z] <<< HTTP RESPONSE 200 {"server":"GitHub.com","date":"Sat, 29 Jan 2022 03:27:56 GMT","content-type":"application/json; charset=utf-8","transfer-encoding":"chunked","vary":"X-PJAX, X-PJAX-Container, Accept-Encoding, Accept, X-Requested-With","permissions-policy":"interest-cohort=()","etag":"W/\"6ca316dbe5f287bbc943e91920693ffb\"","cache-control":"max-age=0, private, must-revalidate","strict-transport-security":"max-age=31536000; includeSubdomains; preload","x-frame-options":"deny","x-content-type-options":"nosniff","x-xss-protection":"0","referrer-policy":"origin-when-cross-origin, strict-origin-when-cross-origin","expect-ct":"max-age=2592000, report-uri=\"https://api.github.com/_private/browser/errors\"","content-security-policy":"default-src 'none'; base-uri 'self'; block-all-mixed-content; child-src github.com/assets-cdn/worker/ gist.github.com/assets-cdn/worker/; connect-src 'self' uploads.github.com objects-origin.githubusercontent.com www.githubstatus.com collector.githubapp.com api.github.com github-cloud.s3.amazonaws.com github-production-repository-file-5c1aeb.s3.amazonaws.com github-production-upload-manifest-file-7fdce7.s3.amazonaws.com github-production-user-asset-6210df.s3.amazonaws.com cdn.optimizely.com logx.optimizely.com/v1/events translator.github.com wss://alive.github.com; font-src github.githubassets.com; form-action 'self' github.com gist.github.com objects-origin.githubusercontent.com; frame-ancestors 'none'; frame-src render.githubusercontent.com viewscreen.githubusercontent.com notebooks.githubusercontent.com; img-src 'self' data: github.githubassets.com identicons.github.com collector.githubapp.com github-cloud.s3.amazonaws.com secured-user-images.githubusercontent.com/ *.githubusercontent.com; manifest-src 'self'; media-src github.com user-images.githubusercontent.com/; script-src github.githubassets.com; style-src 'unsafe-inline' github.githubassets.com; worker-src github.com/assets-cdn/worker/ gist.github.com/assets-cdn/worker/","x-github-request-id":"4F3F:3D39:81A187:9536FE:61F4B43B"}
[debug] [2022-01-29T03:27:56.247Z] >>> [apiv2][query] GET https://api.github.com/user [none]
[debug] [2022-01-29T03:27:56.960Z] <<< [apiv2][status] GET https://api.github.com/user 200
[debug] [2022-01-29T03:27:56.960Z] <<< [apiv2][body] GET https://api.github.com/user {"login":"ZaidAhmad-dev","id":39191309,"node_id":"MDQ6VXNlcjM5MTkxMzA5","avatar_url":"https://avatars.githubusercontent.com/u/39191309?v=4","gravatar_id":"","url":"https://api.github.com/users/ZaidAhmad-dev","html_url":"https://github.com/ZaidAhmad-dev","followers_url":"https://api.github.com/users/ZaidAhmad-dev/followers","following_url":"https://api.github.com/users/ZaidAhmad-dev/following{/other_user}","gists_url":"https://api.github.com/users/ZaidAhmad-dev/gists{/gist_id}","starred_url":"https://api.github.com/users/ZaidAhmad-dev/starred{/owner}{/repo}","subscriptions_url":"https://api.github.com/users/ZaidAhmad-dev/subscriptions","organizations_url":"https://api.github.com/users/ZaidAhmad-dev/orgs","repos_url":"https://api.github.com/users/ZaidAhmad-dev/repos","events_url":"https://api.github.com/users/ZaidAhmad-dev/events{/privacy}","received_events_url":"https://api.github.com/users/ZaidAhmad-dev/received_events","type":"User","site_admin":false,"name":"Zaid Ahmad","company":null,"blog":"zaidahmaddev.com","location":"Multan, Pakistan","email":null,"hireable":null,"bio":"4+ Years of Experience in Computer Science, Doing Web Development for over 2 years. My main specialties are HTML, CSS, JavaScript, ReactJS, NodeJS.","twitter_username":"zaidahmad_dev","public_repos":41,"public_gists":0,"followers":0,"following":10,"created_at":"2018-05-11T12:23:12Z","updated_at":"2022-01-24T17:04:18Z","private_gists":0,"total_private_repos":55,"owned_private_repos":55,"disk_usage":277200,"collaborators":0,"two_factor_authentication":true,"plan":{"name":"pro","space":976562499,"collaborators":0,"private_repos":9999}}
[info] 
[info] ✔  Success! Logged into GitHub as ZaidAhmad-dev 
[info] 
